[INFO] Scanning for projects...
[INFO]
[INFO] ----------------< org.springframework.boot:mooc-class >-----------------
[INFO] Building mooc-class 1.0-SNAPSHOT
[INFO]   from pom.xml
[INFO] --------------------------------[ jar ]---------------------------------
[INFO]
[INFO] >>> spring-boot:2.1.2.RELEASE:run (default-cli) > test-compile @ mooc-class >>>
[WARNING] 2 problems were encountered while building the effective model for com.alibaba:druid:jar:1.1.17 during dependency collection step for project (use -X to see details)
[WARNING] The artifact mysql:mysql-connector-java:jar:8.0.33 has been relocated to com.mysql:mysql-connector-j:jar:8.0.33: MySQL Connector/J artifacts moved to reverse-DNS compliant Maven 2+ coordinates.
[INFO]
[INFO] --- resources:3.1.0:resources (default-resources) @ mooc-class ---
[INFO] Using 'UTF-8' encoding to copy filtered resources.
[INFO] Copying 4 resources
[INFO] Copying 2 resources
[INFO]
[INFO] --- compiler:3.8.0:compile (default-compile) @ mooc-class ---
[INFO] Nothing to compile - all classes are up to date
[INFO]
[INFO] --- resources:3.1.0:testResources (default-testResources) @ mooc-class ---
[INFO] Not copying test resources
[INFO]
[INFO] --- compiler:3.8.0:testCompile (default-testCompile) @ mooc-class ---
[INFO] Not compiling test sources
[INFO]
[INFO] <<< spring-boot:2.1.2.RELEASE:run (default-cli) < test-compile @ mooc-class <<<
[INFO]
[INFO]
[INFO] --- spring-boot:2.1.2.RELEASE:run (default-cli) @ mooc-class ---

  .   ____          _            __ _ _
 /\\ / ___'_ __ _ _(_)_ __  __ _ \ \ \ \
( ( )\___ | '_ | '_| | '_ \/ _` | \ \ \ \
 \\/  ___)| |_)| | | | | || (_| |  ) ) ) )
  '  |____| .__|_| |_|_| |_\__, | / / / /
 =========|_|==============|___/=/_/_/_/
 :: Spring Boot ::        (v2.1.2.RELEASE)

06:15:57.421 INFO  edu.whut.cs.jee.mooc.MoocClassApplication - Starting MoocClassApplication on devbox with PID 12890 (/app/mooc-class/target/classes started by jules in /app/mooc-class)
06:15:57.423 INFO  edu.whut.cs.jee.mooc.MoocClassApplication - The following profiles are active: sandbox
06:15:58.619 INFO  org.springframework.data.repository.config.RepositoryConfigurationDelegate - Multiple Spring Data modules found, entering strict repository configuration mode!
06:15:58.620 INFO  org.springframework.data.repository.config.RepositoryConfigurationDelegate - Bootstrapping Spring Data repositories in DEFAULT mode.
06:15:58.836 INFO  org.springframework.data.repository.config.RepositoryConfigurationDelegate - Finished Spring Data repository scanning in 209ms. Found 13 repository interfaces.
06:15:59.174 INFO  org.springframework.data.repository.config.RepositoryConfigurationDelegate - Multiple Spring Data modules found, entering strict repository configuration mode!
06:15:59.175 INFO  org.springframework.data.repository.config.RepositoryConfigurationDelegate - Bootstrapping Spring Data repositories in DEFAULT mode.
06:15:59.200 INFO  o.springframework.data.repository.config.RepositoryConfigurationExtensionSupport - Spring Data Redis - Could not safely identify store assignment for repository candidate interface edu.whut.cs.jee.mooc.mclass.repository.AnswerRepository.
06:15:59.200 INFO  o.springframework.data.repository.config.RepositoryConfigurationExtensionSupport - Spring Data Redis - Could not safely identify store assignment for repository candidate interface edu.whut.cs.jee.mooc.mclass.repository.AttendanceRepository.
06:15:59.201 INFO  o.springframework.data.repository.config.RepositoryConfigurationExtensionSupport - Spring Data Redis - Could not safely identify store assignment for repository candidate interface edu.whut.cs.jee.mooc.mclass.repository.CheckInRepository.
06:15:59.201 INFO  o.springframework.data.repository.config.RepositoryConfigurationExtensionSupport - Spring Data Redis - Could not safely identify store assignment for repository candidate interface edu.whut.cs.jee.mooc.mclass.repository.CourseRepository.
06:15:59.202 INFO  o.springframework.data.repository.config.RepositoryConfigurationExtensionSupport - Spring Data Redis - Could not safely identify store assignment for repository candidate interface edu.whut.cs.jee.mooc.mclass.repository.ExaminationRecordRepository.
06:15:59.202 INFO  o.springframework.data.repository.config.RepositoryConfigurationExtensionSupport - Spring Data Redis - Could not safely identify store assignment for repository candidate interface edu.whut.cs.jee.mooc.mclass.repository.ExaminationRepository.
06:15:59.202 INFO  o.springframework.data.repository.config.RepositoryConfigurationExtensionSupport - Spring Data Redis - Could not safely identify store assignment for repository candidate interface edu.whut.cs.jee.mooc.mclass.repository.ExerciseRepository.
06:15:59.203 INFO  o.springframework.data.repository.config.RepositoryConfigurationExtensionSupport - Spring Data Redis - Could not safely identify store assignment for repository candidate interface edu.whut.cs.jee.mooc.mclass.repository.LessonRepository.
06:15:59.203 INFO  o.springframework.data.repository.config.RepositoryConfigurationExtensionSupport - Spring Data Redis - Could not safely identify store assignment for repository candidate interface edu.whut.cs.jee.mooc.mclass.repository.MoocClassRepository.
06:15:59.203 INFO  o.springframework.data.repository.config.RepositoryConfigurationExtensionSupport - Spring Data Redis - Could not safely identify store assignment for repository candidate interface edu.whut.cs.jee.mooc.mclass.repository.OptionRepository.
06:15:59.204 INFO  o.springframework.data.repository.config.RepositoryConfigurationExtensionSupport - Spring Data Redis - Could not safely identify store assignment for repository candidate interface edu.whut.cs.jee.mooc.mclass.repository.SubjectRepository.
06:15:59.204 INFO  o.springframework.data.repository.config.RepositoryConfigurationExtensionSupport - Spring Data Redis - Could not safely identify store assignment for repository candidate interface edu.whut.cs.jee.mooc.upms.repository.RoleRepository.
06:15:59.204 INFO  o.springframework.data.repository.config.RepositoryConfigurationExtensionSupport - Spring Data Redis - Could not safely identify store assignment for repository candidate interface edu.whut.cs.jee.mooc.upms.repository.UserRepository.
06:15:59.204 INFO  org.springframework.data.repository.config.RepositoryConfigurationDelegate - Finished Spring Data repository scanning in 21ms. Found 0 repository interfaces.
06:15:59.794 INFO  o.s.context.support.PostProcessorRegistrationDelegate$BeanPostProcessorChecker - Bean 'redisCacheConfig' of type [edu.whut.cs.jee.mooc.common.config.RedisCacheConfig$$EnhancerBySpringCGLIB$$837a892c] is not eligible for getting processed by all BeanPostProcessors (for example: not eligible for auto-proxying)
06:15:59.831 INFO  o.s.context.support.PostProcessorRegistrationDelegate$BeanPostProcessorChecker - Bean 'org.springframework.transaction.annotation.ProxyTransactionManagementConfiguration' of type [org.springframework.transaction.annotation.ProxyTransactionManagementConfiguration$$EnhancerBySpringCGLIB$$f2ec079] is not eligible for getting processed by all BeanPostProcessors (for example: not eligible for auto-proxying)
06:15:59.867 INFO  o.s.context.support.PostProcessorRegistrationDelegate$BeanPostProcessorChecker - Bean 'org.springframework.security.config.annotation.configuration.ObjectPostProcessorConfiguration' of type [org.springframework.security.config.annotation.configuration.ObjectPostProcessorConfiguration$$EnhancerBySpringCGLIB$$a7dc88b3] is not eligible for getting processed by all BeanPostProcessors (for example: not eligible for auto-proxying)
06:15:59.873 INFO  o.s.context.support.PostProcessorRegistrationDelegate$BeanPostProcessorChecker - Bean 'objectPostProcessor' of type [org.springframework.security.config.annotation.configuration.AutowireBeanFactoryObjectPostProcessor] is not eligible for getting processed by all BeanPostProcessors (for example: not eligible for auto-proxying)
06:15:59.875 INFO  o.s.context.support.PostProcessorRegistrationDelegate$BeanPostProcessorChecker - Bean 'org.springframework.security.access.expression.method.DefaultMethodSecurityExpressionHandler@1018aff3' of type [org.springframework.security.access.expression.method.DefaultMethodSecurityExpressionHandler] is not eligible for getting processed by all BeanPostProcessors (for example: not eligible for auto-proxying)
06:15:59.878 INFO  o.s.context.support.PostProcessorRegistrationDelegate$BeanPostProcessorChecker - Bean 'org.springframework.security.config.annotation.method.configuration.GlobalMethodSecurityConfiguration' of type [org.springframework.security.config.annotation.method.configuration.GlobalMethodSecurityConfiguration$$EnhancerBySpringCGLIB$$ccb12b65] is not eligible for getting processed by all BeanPostProcessors (for example: not eligible for auto-proxying)
06:15:59.882 INFO  o.s.context.support.PostProcessorRegistrationDelegate$BeanPostProcessorChecker - Bean 'methodSecurityMetadataSource' of type [org.springframework.security.access.method.DelegatingMethodSecurityMetadataSource] is not eligible for getting processed by all BeanPostProcessors (for example: not eligible for auto-proxying)
06:16:00.308 INFO  org.springframework.boot.web.embedded.tomcat.TomcatWebServer - Tomcat initialized with port(s): 8080 (http)
06:16:00.328 INFO  org.apache.coyote.http11.Http11NioProtocol - Initializing ProtocolHandler ["http-nio-8080"]
06:16:00.342 INFO  org.apache.catalina.core.StandardService - Starting service [Tomcat]
06:16:00.343 INFO  org.apache.catalina.core.StandardEngine - Starting Servlet engine: [Apache Tomcat/9.0.14]
06:16:00.355 INFO  org.apache.catalina.core.AprLifecycleListener - The APR based Apache Tomcat Native library which allows optimal performance in production environments was not found on the java.library.path: [/usr/java/packages/lib:/usr/lib/x86_64-linux-gnu/jni:/lib/x86_64-linux-gnu:/usr/lib/x86_64-linux-gnu:/usr/lib/jni:/lib:/usr/lib]
06:16:00.454 INFO  org.apache.catalina.core.ContainerBase.[Tomcat].[localhost].[/] - Initializing Spring embedded WebApplicationContext
06:16:00.454 INFO  org.springframework.web.context.ContextLoader - Root WebApplicationContext: initialization completed in 2977 ms
06:16:00.936 INFO  edu.whut.cs.jee.mooc.common.config.RedisCacheConfig - 自定义RedisCacheManager加载完成
06:16:01.058 INFO  edu.whut.cs.jee.mooc.common.config.DataSourceConfig - Current Datasource：master
06:16:01.077 INFO  com.alibaba.druid.pool.DruidDataSource - {dataSource-1} inited
06:16:01.336 INFO  edu.whut.cs.jee.mooc.common.config.DataSourceConfig - Current Datasource：master
06:16:01.337 INFO  edu.whut.cs.jee.mooc.common.config.DataSourceConfig - Current Datasource：master
06:16:01.739 INFO  org.hibernate.jpa.internal.util.LogHelper - HHH000204: Processing PersistenceUnitInfo [
	name: default
	...]
06:16:01.804 INFO  org.hibernate.Version - HHH000412: Hibernate Core {5.3.7.Final}
06:16:01.806 INFO  org.hibernate.cfg.Environment - HHH000206: hibernate.properties not found
06:16:01.950 INFO  org.hibernate.annotations.common.Version - HCANN000001: Hibernate Commons Annotations {5.0.4.Final}
06:16:02.116 INFO  edu.whut.cs.jee.mooc.common.config.DataSourceConfig - Current Datasource：master
06:16:02.127 INFO  org.hibernate.dialect.Dialect - HHH000400: Using dialect: org.hibernate.dialect.H2Dialect
06:16:03.251 INFO  edu.whut.cs.jee.mooc.common.config.DataSourceConfig - Current Datasource：master
Hibernate:

    create table mclass_answer (
       id bigint generated by default as identity,
        create_time timestamp,
        update_time timestamp,
        answer varchar(255),
        examination_record_id bigint,
        is_right TINYINT(3) UNSIGNED default '0',
        status integer,
        subject_id bigint,
        user_id bigint,
        primary key (id)
    )
Hibernate:

    create table mclass_attendance (
       id bigint generated by default as identity,
        create_time timestamp,
        update_time timestamp,
        check_in_id bigint,
        latitude decimal(5,2),
        longitude decimal(5,2),
        status integer,
        user_id bigint,
        primary key (id)
    )
Hibernate:

    create table mclass_check_in (
       id bigint generated by default as identity,
        create_time timestamp,
        update_time timestamp,
        absence_count integer,
        checked_count integer,
        deadline timestamp,
        is_gps boolean,
        late_count integer,
        latitude decimal(5,2),
        lesson_id bigint,
        longitude decimal(5,2),
        status integer,
        primary key (id)
    )
Hibernate:

    create table mclass_choice (
       choice_id bigint not null,
        primary key (choice_id)
    )
Hibernate:

    create table mclass_class_user (
       mooc_class_id bigint not null,
        users_id bigint not null
    )
Hibernate:

    create table mclass_course (
       id bigint generated by default as identity,
        create_time timestamp,
        update_time timestamp,
        name varchar(255),
        type integer,
        teacher_id bigint,
        primary key (id)
    )
Hibernate:

    create table mclass_examination (
       id bigint generated by default as identity,
        create_time timestamp,
        update_time timestamp,
        name varchar(255),
        status integer,
        submit_count integer,
        lesson_id bigint,
        primary key (id)
    )
Hibernate:

    create table mclass_examination_record (
       id bigint generated by default as identity,
        create_time timestamp,
        update_time timestamp,
        correct_count integer,
        examination_id bigint,
        score decimal(5,2),
        submit_time timestamp,
        user_id bigint,
        primary key (id)
    )
Hibernate:

    create table mclass_exercise (
       id bigint generated by default as identity,
        create_time timestamp,
        update_time timestamp,
        course_id bigint,
        name varchar(255),
        primary key (id)
    )
Hibernate:

    create table mclass_fill (
       decimal_key varchar(255),
        key_type integer,
        match_type integer,
        text_key varchar(255),
        is_unique TINYINT(3) UNSIGNED default '0',
        fill_id bigint not null,
        primary key (fill_id)
    )
Hibernate:

    create table mclass_judgment (
       false_count integer,
        result TINYINT(3) UNSIGNED default '0',
        true_count integer,
        judgment_id bigint not null,
        primary key (judgment_id)
    )
Hibernate:

    create table mclass_lesson (
       id bigint generated by default as identity,
        create_time timestamp,
        update_time timestamp,
        end_time timestamp,
        examination_count integer,
        mooc_class_id bigint,
        service_date timestamp,
        start_time timestamp,
        status integer,
        check_in_id bigint,
        primary key (id)
    )
Hibernate:

    create table mclass_mooc_class (
       id bigint generated by default as identity,
        create_time timestamp,
        update_time timestamp,
        code varchar(6) not null,
        name varchar(255),
        semester varchar(255),
        weekday varchar(255),
        year varchar(255),
        course_id bigint,
        primary key (id)
    )
Hibernate:

    create table mclass_option (
       id bigint generated by default as identity,
        create_time timestamp,
        update_time timestamp,
        content varchar(255),
        is_correct TINYINT(3) UNSIGNED default '0',
        count integer,
        name varchar(255),
        choice_id bigint,
        primary key (id)
    )
Hibernate:

    create table mclass_subject (
       id bigint generated by default as identity,
        create_time timestamp,
        update_time timestamp,
        content varchar(255),
        error_count integer,
        error_percent integer,
        examination_id bigint,
        exercise_id bigint,
        right_count integer,
        right_percent integer,
        score decimal(5,2),
        primary key (id)
    )
Hibernate:

    create table upms_role (
       id bigint generated by default as identity,
        create_time timestamp,
        update_time timestamp,
        name varchar(20) not null,
        primary key (id)
    )
Hibernate:

    create table upms_user (
       discriminator varchar(30) not null,
        id bigint generated by default as identity,
        create_time timestamp,
        update_time timestamp,
        email varchar(255),
        name varchar(20) not null,
        nickname varchar(255),
        password varchar(255),
        salary_no varchar(255),
        title varchar(255),
        student_no varchar(255),
        primary key (id)
    )
Hibernate:

    create table upms_user_r_role (
       user_id bigint not null,
        role_id bigint not null
    )
Hibernate:

    alter table mclass_mooc_class
       drop constraint if exists UK_j4nwgi86065s8j4g3wdq169l5
Hibernate:

    alter table mclass_mooc_class
       add constraint UK_j4nwgi86065s8j4g3wdq169l5 unique (code)
Hibernate:

    alter table upms_role
       drop constraint if exists UK_4161wthcffavsu2im6s5sc41i
Hibernate:

    alter table upms_role
       add constraint UK_4161wthcffavsu2im6s5sc41i unique (name)
Hibernate:

    alter table upms_user
       drop constraint if exists UK_rms9jmyq5ysgxhkgy98ujd50i
Hibernate:

    alter table upms_user
       add constraint UK_rms9jmyq5ysgxhkgy98ujd50i unique (name)
Hibernate:

    alter table mclass_answer
       add constraint FKak05md5crmt5h1vfrobmiwgt1
       foreign key (examination_record_id)
       references mclass_examination_record
Hibernate:

    alter table mclass_attendance
       add constraint FK4j2g19plyherqpn3w1rnfnv7o
       foreign key (user_id)
       references upms_user
Hibernate:

    alter table mclass_attendance
       add constraint FKrxtm0n53nqcoskln4ny96r04j
       foreign key (check_in_id)
       references mclass_check_in
Hibernate:

    alter table mclass_choice
       add constraint FKfg5fius08dpvuewa8oct72a5h
       foreign key (choice_id)
       references mclass_subject
Hibernate:

    alter table mclass_class_user
       add constraint FKfaxv8drigcod8wq6xyt836m27
       foreign key (users_id)
       references upms_user
Hibernate:

    alter table mclass_class_user
       add constraint FKccekm2qroa7vxdc5yitcadx2a
       foreign key (mooc_class_id)
       references mclass_mooc_class
Hibernate:

    alter table mclass_course
       add constraint FK6a8tuuij8qb7sh3365efhyj0v
       foreign key (teacher_id)
       references upms_user
Hibernate:

    alter table mclass_examination
       add constraint FKh6ci26ntg34iapoo2p7a5j6r6
       foreign key (lesson_id)
       references mclass_lesson
Hibernate:

    alter table mclass_examination_record
       add constraint FK9smo6p5a3odet2kvub0tqay6j
       foreign key (user_id)
       references upms_user
Hibernate:

    alter table mclass_fill
       add constraint FK15lge7ew3gfm9kbj9m0r6d9rb
       foreign key (fill_id)
       references mclass_subject
Hibernate:

    alter table mclass_judgment
       add constraint FK58cisj12nqh0t87sp0ka3cprp
       foreign key (judgment_id)
       references mclass_subject
Hibernate:

    alter table mclass_lesson
       add constraint FKfay0v3u145ymqgfkfrlxki51
       foreign key (check_in_id)
       references mclass_check_in
Hibernate:

    alter table mclass_mooc_class
       add constraint FKhbruw69f379dlto1dmv62snsr
       foreign key (course_id)
       references mclass_course
Hibernate:

    alter table mclass_option
       add constraint FKdva24lm5bx7qpbwi3q86ddqm
       foreign key (choice_id)
       references mclass_choice
Hibernate:

    alter table mclass_subject
       add constraint FK3tpqqo88sfcesfjj5ddljfia2
       foreign key (exercise_id)
       references mclass_exercise
Hibernate:

    alter table mclass_subject
       add constraint FKihb1sa66psshqpf8j249n04p8
       foreign key (examination_id)
       references mclass_examination
Hibernate:

    alter table upms_user_r_role
       add constraint FKjmjyy5bqjuh68rsqak8f3is7n
       foreign key (role_id)
       references upms_role
Hibernate:

    alter table upms_user_r_role
       add constraint FKi81xsuu0y51hmufc0r5dh5dwk
       foreign key (user_id)
       references upms_user
06:16:03.376 INFO  org.springframework.orm.jpa.LocalContainerEntityManagerFactoryBean - Initialized JPA EntityManagerFactory for persistence unit 'default'
06:16:03.933 INFO  org.springframework.boot.actuate.endpoint.web.ServletEndpointRegistrar - Registered '/actuator/jolokia' to jolokia-actuator-endpoint
Embedded Redis started on port 6379
06:16:04.238 INFO  org.hibernate.hql.internal.QueryTranslatorFactoryInitiator - HHH000397: Using ASTQueryTranslatorFactory
06:16:04.838 WARN  o.s.b.a.orm.jpa.JpaBaseConfiguration$JpaWebConfiguration$JpaWebMvcConfiguration - spring.jpa.open-in-view is enabled by default. Therefore, database queries may be performed during view rendering. Explicitly configure spring.jpa.open-in-view to disable this warning
06:16:05.013 INFO  org.springframework.boot.actuate.endpoint.web.EndpointLinksResolver - Exposing 17 endpoint(s) beneath base path '/actuator'
06:16:05.168 INFO  springfox.documentation.spring.web.PropertySourcedRequestMappingHandlerMapping - Mapped URL path [/v2/api-docs] onto method [public org.springframework.http.ResponseEntity<springfox.documentation.spring.web.json.Json> springfox.documentation.swagger2.web.Swagger2Controller.getDocumentation(java.lang.String,javax.servlet.http.HttpServletRequest)]
06:16:05.281 INFO  org.springframework.security.web.DefaultSecurityFilterChain - Creating filter chain: any request, [org.springframework.security.web.context.request.async.WebAsyncManagerIntegrationFilter@42f287ee, org.springframework.security.web.context.SecurityContextPersistenceFilter@2e639f95, org.springframework.security.web.header.HeaderWriterFilter@7a2508bc, org.springframework.security.web.authentication.logout.LogoutFilter@46e96ab0, edu.whut.cs.jee.mooc.upms.security.JwtAuthenticationTokenFilter@3a81573f, org.springframework.security.web.savedrequest.RequestCacheAwareFilter@3024dee2, org.springframework.security.web.servletapi.SecurityContextHolderAwareRequestFilter@45dd9bbb, org.springframework.security.web.authentication.AnonymousAuthenticationFilter@2c018d37, org.springframework.security.web.session.SessionManagementFilter@65a6e184, org.springframework.security.web.access.ExceptionTranslationFilter@1a28f7e9, org.springframework.security.web.access.intercept.FilterSecurityInterceptor@1444d9b0]
06:16:05.463 INFO  org.springframework.scheduling.concurrent.ThreadPoolTaskExecutor - Initializing ExecutorService 'applicationTaskExecutor'
06:16:05.742 INFO  edu.whut.cs.jee.mooc.common.config.DataSourceConfig - Current Datasource：master
06:16:05.743 INFO  edu.whut.cs.jee.mooc.common.config.DataSourceConfig - Current Datasource：master
06:16:05.743 INFO  edu.whut.cs.jee.mooc.common.config.DataSourceConfig - Current Datasource：master
06:16:05.748 INFO  edu.whut.cs.jee.mooc.common.config.DataSourceConfig - Current Datasource：master
06:16:05.748 INFO  edu.whut.cs.jee.mooc.common.config.DataSourceConfig - Current Datasource：master
06:16:05.748 INFO  edu.whut.cs.jee.mooc.common.config.DataSourceConfig - Current Datasource：master
06:16:06.030 INFO  springfox.documentation.spring.web.plugins.DocumentationPluginsBootstrapper - Context refreshed
06:16:06.053 INFO  springfox.documentation.spring.web.plugins.DocumentationPluginsBootstrapper - Found 1 custom documentation plugin(s)
06:16:06.094 INFO  springfox.documentation.spring.web.scanners.ApiListingReferenceScanner - Scanning for api listing references
06:16:06.317 INFO  s.documentation.spring.web.readers.operation.CachingOperationNameGenerator - Generating unique operation named: deleteUsingDELETE_1
06:16:06.325 INFO  s.documentation.spring.web.readers.operation.CachingOperationNameGenerator - Generating unique operation named: saveUsingPOST_1
06:16:06.336 INFO  s.documentation.spring.web.readers.operation.CachingOperationNameGenerator - Generating unique operation named: detailUsingGET_1
06:16:06.367 INFO  s.documentation.spring.web.readers.operation.CachingOperationNameGenerator - Generating unique operation named: saveUsingPOST_2
06:16:06.384 INFO  s.documentation.spring.web.readers.operation.CachingOperationNameGenerator - Generating unique operation named: handleUsingGET_1
06:16:06.385 INFO  s.documentation.spring.web.readers.operation.CachingOperationNameGenerator - Generating unique operation named: handleUsingGET_2
06:16:06.388 INFO  s.documentation.spring.web.readers.operation.CachingOperationNameGenerator - Generating unique operation named: handleUsingDELETE_1
06:16:06.389 INFO  s.documentation.spring.web.readers.operation.CachingOperationNameGenerator - Generating unique operation named: handleUsingGET_3
06:16:06.390 INFO  s.documentation.spring.web.readers.operation.CachingOperationNameGenerator - Generating unique operation named: handleUsingGET_4
06:16:06.391 INFO  s.documentation.spring.web.readers.operation.CachingOperationNameGenerator - Generating unique operation named: handleUsingGET_5
06:16:06.392 INFO  s.documentation.spring.web.readers.operation.CachingOperationNameGenerator - Generating unique operation named: handleUsingGET_6
06:16:06.394 INFO  s.documentation.spring.web.readers.operation.CachingOperationNameGenerator - Generating unique operation named: handleUsingGET_7
06:16:06.395 INFO  s.documentation.spring.web.readers.operation.CachingOperationNameGenerator - Generating unique operation named: handleUsingGET_8
06:16:06.396 INFO  s.documentation.spring.web.readers.operation.CachingOperationNameGenerator - Generating unique operation named: handleUsingGET_9
06:16:06.398 INFO  s.documentation.spring.web.readers.operation.CachingOperationNameGenerator - Generating unique operation named: handleUsingGET_10
06:16:06.399 INFO  s.documentation.spring.web.readers.operation.CachingOperationNameGenerator - Generating unique operation named: handleUsingGET_11
06:16:06.400 INFO  s.documentation.spring.web.readers.operation.CachingOperationNameGenerator - Generating unique operation named: handleUsingGET_12
06:16:06.402 INFO  s.documentation.spring.web.readers.operation.CachingOperationNameGenerator - Generating unique operation named: handleUsingGET_13
06:16:06.403 INFO  s.documentation.spring.web.readers.operation.CachingOperationNameGenerator - Generating unique operation named: handleUsingGET_14
06:16:06.404 INFO  s.documentation.spring.web.readers.operation.CachingOperationNameGenerator - Generating unique operation named: handleUsingGET_15
06:16:06.406 INFO  s.documentation.spring.web.readers.operation.CachingOperationNameGenerator - Generating unique operation named: handleUsingGET_16
06:16:06.407 INFO  s.documentation.spring.web.readers.operation.CachingOperationNameGenerator - Generating unique operation named: handleUsingGET_17
06:16:06.409 INFO  s.documentation.spring.web.readers.operation.CachingOperationNameGenerator - Generating unique operation named: handleUsingGET_18
06:16:06.410 INFO  s.documentation.spring.web.readers.operation.CachingOperationNameGenerator - Generating unique operation named: handleUsingGET_19
06:16:06.411 INFO  s.documentation.spring.web.readers.operation.CachingOperationNameGenerator - Generating unique operation named: handleUsingGET_20
06:16:06.413 INFO  s.documentation.spring.web.readers.operation.CachingOperationNameGenerator - Generating unique operation named: handleUsingGET_21
06:16:06.421 INFO  s.documentation.spring.web.readers.operation.CachingOperationNameGenerator - Generating unique operation named: deleteUsingDELETE_2
06:16:06.460 INFO  s.documentation.spring.web.readers.operation.CachingOperationNameGenerator - Generating unique operation named: deleteUsingDELETE_3
06:16:06.462 INFO  s.documentation.spring.web.readers.operation.CachingOperationNameGenerator - Generating unique operation named: detailUsingGET_2
06:16:06.515 INFO  s.documentation.spring.web.readers.operation.CachingOperationNameGenerator - Generating unique operation named: userListUsingGET_1
06:16:06.540 INFO  org.apache.coyote.http11.Http11NioProtocol - Starting ProtocolHandler ["http-nio-8080"]
06:16:06.571 INFO  org.springframework.boot.web.embedded.tomcat.TomcatWebServer - Tomcat started on port(s): 8080 (http) with context path ''
06:16:06.574 INFO  edu.whut.cs.jee.mooc.MoocClassApplication - Started MoocClassApplication in 9.573 seconds (JVM running for 13.683)
06:16:06.587 INFO  edu.whut.cs.jee.mooc.MoocClassApplication - All MoocClass: {}
06:16:58.756 INFO  org.apache.catalina.core.ContainerBase.[Tomcat].[localhost].[/] - Initializing Spring DispatcherServlet 'dispatcherServlet'
06:16:58.757 INFO  org.springframework.web.servlet.DispatcherServlet - Initializing Servlet 'dispatcherServlet'
06:16:58.769 INFO  org.springframework.web.servlet.DispatcherServlet - Completed initialization in 12 ms
06:16:59.160 INFO  io.lettuce.core.EpollProvider - Starting without optional epoll library
06:16:59.161 INFO  io.lettuce.core.KqueueProvider - Starting without optional kqueue library
Hibernate:
    select
        user0_.id as id2_16_,
        user0_.create_time as create_t3_16_,
        user0_.update_time as update_t4_16_,
        user0_.email as email5_16_,
        user0_.name as name6_16_,
        user0_.nickname as nickname7_16_,
        user0_.password as password8_16_,
        user0_.salary_no as salary_n9_16_,
        user0_.title as title10_16_,
        user0_.student_no as student11_16_,
        user0_.discriminator as discrimi1_16_
    from
        upms_user user0_
    where
        user0_.name=?
06:16:59.320 INFO  edu.whut.cs.jee.mooc.common.config.DataSourceConfig - Current Datasource：slave1
06:16:59.324 INFO  com.alibaba.druid.pool.DruidDataSource - {dataSource-2} inited
Hibernate:
    select
        roles0_.user_id as user_id1_17_0_,
        roles0_.role_id as role_id2_17_0_,
        role1_.id as id1_15_1_,
        role1_.create_time as create_t2_15_1_,
        role1_.update_time as update_t3_15_1_,
        role1_.name as name4_15_1_
    from
        upms_user_r_role roles0_
    inner join
        upms_role role1_
            on roles0_.role_id=role1_.id
    where
        roles0_.user_id=?
Hibernate:
    select
        user0_.id as id2_16_,
        user0_.create_time as create_t3_16_,
        user0_.update_time as update_t4_16_,
        user0_.email as email5_16_,
        user0_.name as name6_16_,
        user0_.nickname as nickname7_16_,
        user0_.password as password8_16_,
        user0_.salary_no as salary_n9_16_,
        user0_.title as title10_16_,
        user0_.student_no as student11_16_,
        user0_.discriminator as discrimi1_16_
    from
        upms_user user0_
    where
        user0_.name=?
06:16:59.651 INFO  edu.whut.cs.jee.mooc.common.config.DataSourceConfig - Current Datasource：slave2
06:16:59.653 INFO  com.alibaba.druid.pool.DruidDataSource - {dataSource-3} inited
Hibernate:
    select
        roles0_.user_id as user_id1_17_0_,
        roles0_.role_id as role_id2_17_0_,
        role1_.id as id1_15_1_,
        role1_.create_time as create_t2_15_1_,
        role1_.update_time as update_t3_15_1_,
        role1_.name as name4_15_1_
    from
        upms_user_r_role roles0_
    inner join
        upms_role role1_
            on roles0_.role_id=role1_.id
    where
        roles0_.user_id=?
Hibernate:
    select
        moocclass0_.id as id1_12_0_,
        moocclass0_.create_time as create_t2_12_0_,
        moocclass0_.update_time as update_t3_12_0_,
        moocclass0_.code as code4_12_0_,
        moocclass0_.course_id as course_i9_12_0_,
        moocclass0_.name as name5_12_0_,
        moocclass0_.semester as semester6_12_0_,
        moocclass0_.weekday as weekday7_12_0_,
        moocclass0_.year as year8_12_0_,
        course1_.id as id1_5_1_,
        course1_.create_time as create_t2_5_1_,
        course1_.update_time as update_t3_5_1_,
        course1_.name as name4_5_1_,
        course1_.teacher_id as teacher_6_5_1_,
        course1_.type as type5_5_1_,
        teacher2_.id as id2_16_2_,
        teacher2_.create_time as create_t3_16_2_,
        teacher2_.update_time as update_t4_16_2_,
        teacher2_.email as email5_16_2_,
        teacher2_.name as name6_16_2_,
        teacher2_.nickname as nickname7_16_2_,
        teacher2_.password as password8_16_2_,
        teacher2_.salary_no as salary_n9_16_2_,
        teacher2_.title as title10_16_2_
    from
        mclass_mooc_class moocclass0_
    left outer join
        mclass_course course1_
            on moocclass0_.course_id=course1_.id
    left outer join
        upms_user teacher2_
            on course1_.teacher_id=teacher2_.id
    where
        moocclass0_.id=?
06:16:59.814 INFO  edu.whut.cs.jee.mooc.common.config.DataSourceConfig - Current Datasource：slave1
Hibernate:
    select
        lesson0_.id as id1_11_,
        lesson0_.create_time as create_t2_11_,
        lesson0_.update_time as update_t3_11_,
        lesson0_.check_in_id as check_i10_11_,
        lesson0_.end_time as end_time4_11_,
        lesson0_.examination_count as examinat5_11_,
        lesson0_.mooc_class_id as mooc_cla6_11_,
        lesson0_.service_date as service_7_11_,
        lesson0_.start_time as start_ti8_11_,
        lesson0_.status as status9_11_
    from
        mclass_lesson lesson0_
    where
        lesson0_.mooc_class_id=?
06:16:59.860 INFO  edu.whut.cs.jee.mooc.common.config.DataSourceConfig - Current Datasource：slave1
Hibernate:
    select
        moocclass0_.id as id1_12_,
        moocclass0_.create_time as create_t2_12_,
        moocclass0_.update_time as update_t3_12_,
        moocclass0_.code as code4_12_,
        moocclass0_.course_id as course_i9_12_,
        moocclass0_.name as name5_12_,
        moocclass0_.semester as semester6_12_,
        moocclass0_.weekday as weekday7_12_,
        moocclass0_.year as year8_12_
    from
        mclass_mooc_class moocclass0_ cross
    join
        mclass_course course1_
    where
        moocclass0_.course_id=course1_.id
        and course1_.teacher_id=?
06:16:59.898 INFO  edu.whut.cs.jee.mooc.common.config.DataSourceConfig - Current Datasource：slave1
Hibernate:
    select
        course0_.id as id1_5_0_,
        course0_.create_time as create_t2_5_0_,
        course0_.update_time as update_t3_5_0_,
        course0_.name as name4_5_0_,
        course0_.teacher_id as teacher_6_5_0_,
        course0_.type as type5_5_0_,
        teacher1_.id as id2_16_1_,
        teacher1_.create_time as create_t3_16_1_,
        teacher1_.update_time as update_t4_16_1_,
        teacher1_.email as email5_16_1_,
        teacher1_.name as name6_16_1_,
        teacher1_.nickname as nickname7_16_1_,
        teacher1_.password as password8_16_1_,
        teacher1_.salary_no as salary_n9_16_1_,
        teacher1_.title as title10_16_1_
    from
        mclass_course course0_
    left outer join
        upms_user teacher1_
            on course0_.teacher_id=teacher1_.id
    where
        course0_.id=?
Hibernate:
    select
        users_id
    from
        mclass_class_user
    where
        mooc_class_id = ?
06:16:59.938 INFO  edu.whut.cs.jee.mooc.common.config.DataSourceConfig - Current Datasource：slave1
Hibernate:
    select
        user0_.id as id2_16_,
        user0_.create_time as create_t3_16_,
        user0_.update_time as update_t4_16_,
        user0_.email as email5_16_,
        user0_.name as name6_16_,
        user0_.nickname as nickname7_16_,
        user0_.password as password8_16_,
        user0_.salary_no as salary_n9_16_,
        user0_.title as title10_16_,
        user0_.student_no as student11_16_,
        user0_.discriminator as discrimi1_16_
    from
        upms_user user0_
    where
        user0_.id in (
            ? , ?
        )
Hibernate:
    select
        roles0_.user_id as user_id1_17_0_,
        roles0_.role_id as role_id2_17_0_,
        role1_.id as id1_15_1_,
        role1_.create_time as create_t2_15_1_,
        role1_.update_time as update_t3_15_1_,
        role1_.name as name4_15_1_
    from
        upms_user_r_role roles0_
    inner join
        upms_role role1_
            on roles0_.role_id=role1_.id
    where
        roles0_.user_id=?
Hibernate:
    select
        roles0_.user_id as user_id1_17_0_,
        roles0_.role_id as role_id2_17_0_,
        role1_.id as id1_15_1_,
        role1_.create_time as create_t2_15_1_,
        role1_.update_time as update_t3_15_1_,
        role1_.name as name4_15_1_
    from
        upms_user_r_role roles0_
    inner join
        upms_role role1_
            on roles0_.role_id=role1_.id
    where
        roles0_.user_id=?
Hibernate:
    select
        lesson0_.id as id1_11_,
        lesson0_.create_time as create_t2_11_,
        lesson0_.update_time as update_t3_11_,
        lesson0_.check_in_id as check_i10_11_,
        lesson0_.end_time as end_time4_11_,
        lesson0_.examination_count as examinat5_11_,
        lesson0_.mooc_class_id as mooc_cla6_11_,
        lesson0_.service_date as service_7_11_,
        lesson0_.start_time as start_ti8_11_,
        lesson0_.status as status9_11_
    from
        mclass_lesson lesson0_
    where
        lesson0_.mooc_class_id=?
        and lesson0_.status=?
06:17:00.075 INFO  edu.whut.cs.jee.mooc.common.config.DataSourceConfig - Current Datasource：master
Hibernate:
    select
        lesson0_.id as id1_11_0_,
        lesson0_.create_time as create_t2_11_0_,
        lesson0_.update_time as update_t3_11_0_,
        lesson0_.check_in_id as check_i10_11_0_,
        lesson0_.end_time as end_time4_11_0_,
        lesson0_.examination_count as examinat5_11_0_,
        lesson0_.mooc_class_id as mooc_cla6_11_0_,
        lesson0_.service_date as service_7_11_0_,
        lesson0_.start_time as start_ti8_11_0_,
        lesson0_.status as status9_11_0_,
        checkin1_.id as id1_2_1_,
        checkin1_.create_time as create_t2_2_1_,
        checkin1_.update_time as update_t3_2_1_,
        checkin1_.absence_count as absence_4_2_1_,
        checkin1_.checked_count as checked_5_2_1_,
        checkin1_.deadline as deadline6_2_1_,
        checkin1_.is_gps as is_gps7_2_1_,
        checkin1_.late_count as late_cou8_2_1_,
        checkin1_.latitude as latitude9_2_1_,
        checkin1_.lesson_id as lesson_10_2_1_,
        checkin1_.longitude as longitu11_2_1_,
        checkin1_.status as status12_2_1_
    from
        mclass_lesson lesson0_
    left outer join
        mclass_check_in checkin1_
            on lesson0_.check_in_id=checkin1_.id
    where
        lesson0_.id=?
06:17:00.098 INFO  edu.whut.cs.jee.mooc.common.config.DataSourceConfig - Current Datasource：master
Hibernate:
    select
        examinatio0_.id as id1_6_,
        examinatio0_.create_time as create_t2_6_,
        examinatio0_.update_time as update_t3_6_,
        examinatio0_.lesson_id as lesson_i7_6_,
        examinatio0_.name as name4_6_,
        examinatio0_.status as status5_6_,
        examinatio0_.submit_count as submit_c6_6_
    from
        mclass_examination examinatio0_
    where
        examinatio0_.lesson_id=?
Hibernate:
    update
        mclass_lesson
    set
        update_time=?,
        check_in_id=?,
        end_time=?,
        examination_count=?,
        mooc_class_id=?,
        service_date=?,
        start_time=?,
        status=?
    where
        id=?
Hibernate:
    update
        mclass_examination
    set
        update_time=?,
        lesson_id=?,
        name=?,
        status=?,
        submit_count=?
    where
        id=?
Hibernate:
    select
        examinatio0_.id as id1_6_,
        examinatio0_.create_time as create_t2_6_,
        examinatio0_.update_time as update_t3_6_,
        examinatio0_.lesson_id as lesson_i7_6_,
        examinatio0_.name as name4_6_,
        examinatio0_.status as status5_6_,
        examinatio0_.submit_count as submit_c6_6_
    from
        mclass_examination examinatio0_
    where
        examinatio0_.lesson_id=?
        and examinatio0_.status=?
Hibernate:
    update
        mclass_lesson
    set
        update_time=?,
        check_in_id=?,
        end_time=?,
        examination_count=?,
        mooc_class_id=?,
        service_date=?,
        start_time=?,
        status=?
    where
        id=?
Hibernate:
    select
        subject0_.id as id1_14_,
        subject0_.create_time as create_t2_14_,
        subject0_.update_time as update_t3_14_,
        subject0_.content as content4_14_,
        subject0_.error_count as error_co5_14_,
        subject0_.error_percent as error_pe6_14_,
        subject0_.examination_id as examinat7_14_,
        subject0_.exercise_id as exercise8_14_,
        subject0_.right_count as right_co9_14_,
        subject0_.right_percent as right_p10_14_,
        subject0_.score as score11_14_,
        subject0_2_.false_count as false_co1_10_,
        subject0_2_.result as result2_10_,
        subject0_2_.true_count as true_cou3_10_,
        subject0_3_.decimal_key as decimal_1_9_,
        subject0_3_.key_type as key_type2_9_,
        subject0_3_.match_type as match_ty3_9_,
        subject0_3_.text_key as text_key4_9_,
        subject0_3_.is_unique as is_uniqu5_9_,
        case
            when subject0_1_.choice_id is not null then 1
            when subject0_2_.judgment_id is not null then 2
            when subject0_3_.fill_id is not null then 3
            when subject0_.id is not null then 0
        end as clazz_
    from
        mclass_subject subject0_
    left outer join
        mclass_choice subject0_1_
            on subject0_.id=subject0_1_.choice_id
    left outer join
        mclass_judgment subject0_2_
            on subject0_.id=subject0_2_.judgment_id
    left outer join
        mclass_fill subject0_3_
            on subject0_.id=subject0_3_.fill_id
    where
        subject0_.exercise_id=?
    order by
        subject0_.id asc
06:17:00.163 INFO  edu.whut.cs.jee.mooc.common.config.DataSourceConfig - Current Datasource：master
Hibernate:
    select
        options0_.choice_id as choice_i8_13_0_,
        options0_.id as id1_13_0_,
        options0_.id as id1_13_1_,
        options0_.create_time as create_t2_13_1_,
        options0_.update_time as update_t3_13_1_,
        options0_.content as content4_13_1_,
        options0_.is_correct as is_corre5_13_1_,
        options0_.count as count6_13_1_,
        options0_.name as name7_13_1_
    from
        mclass_option options0_
    where
        options0_.choice_id=?
Hibernate:
    select
        subject0_.id as id1_14_,
        subject0_.create_time as create_t2_14_,
        subject0_.update_time as update_t3_14_,
        subject0_.content as content4_14_,
        subject0_.error_count as error_co5_14_,
        subject0_.error_percent as error_pe6_14_,
        subject0_.examination_id as examinat7_14_,
        subject0_.exercise_id as exercise8_14_,
        subject0_.right_count as right_co9_14_,
        subject0_.right_percent as right_p10_14_,
        subject0_.score as score11_14_,
        subject0_2_.false_count as false_co1_10_,
        subject0_2_.result as result2_10_,
        subject0_2_.true_count as true_cou3_10_,
        subject0_3_.decimal_key as decimal_1_9_,
        subject0_3_.key_type as key_type2_9_,
        subject0_3_.match_type as match_ty3_9_,
        subject0_3_.text_key as text_key4_9_,
        subject0_3_.is_unique as is_uniqu5_9_,
        case
            when subject0_1_.choice_id is not null then 1
            when subject0_2_.judgment_id is not null then 2
            when subject0_3_.fill_id is not null then 3
            when subject0_.id is not null then 0
        end as clazz_
    from
        mclass_subject subject0_
    left outer join
        mclass_choice subject0_1_
            on subject0_.id=subject0_1_.choice_id
    left outer join
        mclass_judgment subject0_2_
            on subject0_.id=subject0_2_.judgment_id
    left outer join
        mclass_fill subject0_3_
            on subject0_.id=subject0_3_.fill_id
    where
        subject0_.examination_id=?
    order by
        subject0_.id asc
06:17:00.216 INFO  edu.whut.cs.jee.mooc.common.config.DataSourceConfig - Current Datasource：master
Hibernate:
    select
        options0_.choice_id as choice_i8_13_0_,
        options0_.id as id1_13_0_,
        options0_.id as id1_13_1_,
        options0_.create_time as create_t2_13_1_,
        options0_.update_time as update_t3_13_1_,
        options0_.content as content4_13_1_,
        options0_.is_correct as is_corre5_13_1_,
        options0_.count as count6_13_1_,
        options0_.name as name7_13_1_
    from
        mclass_option options0_
    where
        options0_.choice_id=?
Hibernate:
    select
        subject0_.id as id1_14_,
        subject0_.create_time as create_t2_14_,
        subject0_.update_time as update_t3_14_,
        subject0_.content as content4_14_,
        subject0_.error_count as error_co5_14_,
        subject0_.error_percent as error_pe6_14_,
        subject0_.examination_id as examinat7_14_,
        subject0_.exercise_id as exercise8_14_,
        subject0_.right_count as right_co9_14_,
        subject0_.right_percent as right_p10_14_,
        subject0_.score as score11_14_,
        subject0_2_.false_count as false_co1_10_,
        subject0_2_.result as result2_10_,
        subject0_2_.true_count as true_cou3_10_,
        subject0_3_.decimal_key as decimal_1_9_,
        subject0_3_.key_type as key_type2_9_,
        subject0_3_.match_type as match_ty3_9_,
        subject0_3_.text_key as text_key4_9_,
        subject0_3_.is_unique as is_uniqu5_9_,
        case
            when subject0_1_.choice_id is not null then 1
            when subject0_2_.judgment_id is not null then 2
            when subject0_3_.fill_id is not null then 3
            when subject0_.id is not null then 0
        end as clazz_
    from
        mclass_subject subject0_
    left outer join
        mclass_choice subject0_1_
            on subject0_.id=subject0_1_.choice_id
    left outer join
        mclass_judgment subject0_2_
            on subject0_.id=subject0_2_.judgment_id
    left outer join
        mclass_fill subject0_3_
            on subject0_.id=subject0_3_.fill_id
    where
        subject0_.examination_id=?
    order by
        subject0_.id asc
06:17:00.237 INFO  edu.whut.cs.jee.mooc.common.config.DataSourceConfig - Current Datasource：master
Hibernate:
    select
        options0_.choice_id as choice_i8_13_0_,
        options0_.id as id1_13_0_,
        options0_.id as id1_13_1_,
        options0_.create_time as create_t2_13_1_,
        options0_.update_time as update_t3_13_1_,
        options0_.content as content4_13_1_,
        options0_.is_correct as is_corre5_13_1_,
        options0_.count as count6_13_1_,
        options0_.name as name7_13_1_
    from
        mclass_option options0_
    where
        options0_.choice_id=?
Hibernate:
    select
        subject0_.id as id1_14_,
        subject0_.create_time as create_t2_14_,
        subject0_.update_time as update_t3_14_,
        subject0_.content as content4_14_,
        subject0_.error_count as error_co5_14_,
        subject0_.error_percent as error_pe6_14_,
        subject0_.examination_id as examinat7_14_,
        subject0_.exercise_id as exercise8_14_,
        subject0_.right_count as right_co9_14_,
        subject0_.right_percent as right_p10_14_,
        subject0_.score as score11_14_,
        subject0_2_.false_count as false_co1_10_,
        subject0_2_.result as result2_10_,
        subject0_2_.true_count as true_cou3_10_,
        subject0_3_.decimal_key as decimal_1_9_,
        subject0_3_.key_type as key_type2_9_,
        subject0_3_.match_type as match_ty3_9_,
        subject0_3_.text_key as text_key4_9_,
        subject0_3_.is_unique as is_uniqu5_9_,
        case
            when subject0_1_.choice_id is not null then 1
            when subject0_2_.judgment_id is not null then 2
            when subject0_3_.fill_id is not null then 3
            when subject0_.id is not null then 0
        end as clazz_
    from
        mclass_subject subject0_
    left outer join
        mclass_choice subject0_1_
            on subject0_.id=subject0_1_.choice_id
    left outer join
        mclass_judgment subject0_2_
            on subject0_.id=subject0_2_.judgment_id
    left outer join
        mclass_fill subject0_3_
            on subject0_.id=subject0_3_.fill_id
    where
        subject0_.examination_id=?
    order by
        subject0_.id asc
06:17:00.264 INFO  edu.whut.cs.jee.mooc.common.config.DataSourceConfig - Current Datasource：master
Hibernate:
    select
        options0_.choice_id as choice_i8_13_0_,
        options0_.id as id1_13_0_,
        options0_.id as id1_13_1_,
        options0_.create_time as create_t2_13_1_,
        options0_.update_time as update_t3_13_1_,
        options0_.content as content4_13_1_,
        options0_.is_correct as is_corre5_13_1_,
        options0_.count as count6_13_1_,
        options0_.name as name7_13_1_
    from
        mclass_option options0_
    where
        options0_.choice_id=?
Hibernate:
    insert
    into
        mclass_subject
        (id, create_time, update_time, content, error_count, error_percent, examination_id, exercise_id, right_count, right_percent, score)
    values
        (null, ?, ?, ?, ?, ?, ?, ?, ?, ?, ?)
06:17:00.307 INFO  edu.whut.cs.jee.mooc.common.config.DataSourceConfig - Current Datasource：master
Hibernate:
    insert
    into
        mclass_judgment
        (false_count, result, true_count, judgment_id)
    values
        (?, ?, ?, ?)
Hibernate:
    insert
    into
        mclass_subject
        (id, create_time, update_time, content, error_count, error_percent, examination_id, exercise_id, right_count, right_percent, score)
    values
        (null, ?, ?, ?, ?, ?, ?, ?, ?, ?, ?)
06:17:00.342 INFO  edu.whut.cs.jee.mooc.common.config.DataSourceConfig - Current Datasource：master
Hibernate:
    insert
    into
        mclass_choice
        (choice_id)
    values
        (?)
Hibernate:
    insert
    into
        mclass_option
        (id, create_time, update_time, content, is_correct, count, name)
    values
        (null, ?, ?, ?, ?, ?, ?)
Hibernate:
    insert
    into
        mclass_option
        (id, create_time, update_time, content, is_correct, count, name)
    values
        (null, ?, ?, ?, ?, ?, ?)
Hibernate:
    insert
    into
        mclass_option
        (id, create_time, update_time, content, is_correct, count, name)
    values
        (null, ?, ?, ?, ?, ?, ?)
Hibernate:
    insert
    into
        mclass_option
        (id, create_time, update_time, content, is_correct, count, name)
    values
        (null, ?, ?, ?, ?, ?, ?)
Hibernate:
    update
        mclass_option
    set
        choice_id=?
    where
        id=?
Hibernate:
    update
        mclass_option
    set
        choice_id=?
    where
        id=?
Hibernate:
    update
        mclass_option
    set
        choice_id=?
    where
        id=?
Hibernate:
    update
        mclass_option
    set
        choice_id=?
    where
        id=?
Hibernate:
    select
        examinatio0_.id as id1_7_,
        examinatio0_.create_time as create_t2_7_,
        examinatio0_.update_time as update_t3_7_,
        examinatio0_.correct_count as correct_4_7_,
        examinatio0_.examination_id as examinat5_7_,
        examinatio0_.score as score6_7_,
        examinatio0_.submit_time as submit_t7_7_,
        examinatio0_.user_id as user_id8_7_
    from
        mclass_examination_record examinatio0_
    where
        examinatio0_.examination_id=?
    order by
        examinatio0_.id desc
06:17:00.425 INFO  edu.whut.cs.jee.mooc.common.config.DataSourceConfig - Current Datasource：slave2
Hibernate:
    select
        user0_.id as id2_16_0_,
        user0_.create_time as create_t3_16_0_,
        user0_.update_time as update_t4_16_0_,
        user0_.email as email5_16_0_,
        user0_.name as name6_16_0_,
        user0_.nickname as nickname7_16_0_,
        user0_.password as password8_16_0_,
        user0_.salary_no as salary_n9_16_0_,
        user0_.title as title10_16_0_,
        user0_.student_no as student11_16_0_,
        user0_.discriminator as discrimi1_16_0_
    from
        upms_user user0_
    where
        user0_.id=?
Hibernate:
    select
        user0_.id as id2_16_0_,
        user0_.create_time as create_t3_16_0_,
        user0_.update_time as update_t4_16_0_,
        user0_.email as email5_16_0_,
        user0_.name as name6_16_0_,
        user0_.nickname as nickname7_16_0_,
        user0_.password as password8_16_0_,
        user0_.salary_no as salary_n9_16_0_,
        user0_.title as title10_16_0_,
        user0_.student_no as student11_16_0_,
        user0_.discriminator as discrimi1_16_0_
    from
        upms_user user0_
    where
        user0_.id=?
Hibernate:
    select
        examinatio0_.id as id1_6_,
        examinatio0_.create_time as create_t2_6_,
        examinatio0_.update_time as update_t3_6_,
        examinatio0_.lesson_id as lesson_i7_6_,
        examinatio0_.name as name4_6_,
        examinatio0_.status as status5_6_,
        examinatio0_.submit_count as submit_c6_6_
    from
        mclass_examination examinatio0_ cross
    join
        mclass_lesson lesson1_
    where
        examinatio0_.lesson_id=lesson1_.id
        and lesson1_.mooc_class_id=?
        and examinatio0_.status=?
06:17:00.452 INFO  edu.whut.cs.jee.mooc.common.config.DataSourceConfig - Current Datasource：slave1
Hibernate:
    select
        exercise0_.id as id1_8_0_,
        exercise0_.create_time as create_t2_8_0_,
        exercise0_.update_time as update_t3_8_0_,
        exercise0_.course_id as course_i4_8_0_,
        exercise0_.name as name5_8_0_
    from
        mclass_exercise exercise0_
    where
        exercise0_.id=?
06:17:00.473 INFO  edu.whut.cs.jee.mooc.common.config.DataSourceConfig - Current Datasource：master
Hibernate:
    select
        lesson0_.id as id1_11_0_,
        lesson0_.create_time as create_t2_11_0_,
        lesson0_.update_time as update_t3_11_0_,
        lesson0_.check_in_id as check_i10_11_0_,
        lesson0_.end_time as end_time4_11_0_,
        lesson0_.examination_count as examinat5_11_0_,
        lesson0_.mooc_class_id as mooc_cla6_11_0_,
        lesson0_.service_date as service_7_11_0_,
        lesson0_.start_time as start_ti8_11_0_,
        lesson0_.status as status9_11_0_,
        checkin1_.id as id1_2_1_,
        checkin1_.create_time as create_t2_2_1_,
        checkin1_.update_time as update_t3_2_1_,
        checkin1_.absence_count as absence_4_2_1_,
        checkin1_.checked_count as checked_5_2_1_,
        checkin1_.deadline as deadline6_2_1_,
        checkin1_.is_gps as is_gps7_2_1_,
        checkin1_.late_count as late_cou8_2_1_,
        checkin1_.latitude as latitude9_2_1_,
        checkin1_.lesson_id as lesson_10_2_1_,
        checkin1_.longitude as longitu11_2_1_,
        checkin1_.status as status12_2_1_
    from
        mclass_lesson lesson0_
    left outer join
        mclass_check_in checkin1_
            on lesson0_.check_in_id=checkin1_.id
    where
        lesson0_.id=?
Hibernate:
    insert
    into
        mclass_examination
        (id, create_time, update_time, lesson_id, name, status, submit_count)
    values
        (null, ?, ?, ?, ?, ?, ?)
Hibernate:
    select
        subjects0_.exercise_id as exercise8_14_0_,
        subjects0_.id as id1_14_0_,
        subjects0_.id as id1_14_1_,
        subjects0_.create_time as create_t2_14_1_,
        subjects0_.update_time as update_t3_14_1_,
        subjects0_.content as content4_14_1_,
        subjects0_.error_count as error_co5_14_1_,
        subjects0_.error_percent as error_pe6_14_1_,
        subjects0_.examination_id as examinat7_14_1_,
        subjects0_.exercise_id as exercise8_14_1_,
        subjects0_.right_count as right_co9_14_1_,
        subjects0_.right_percent as right_p10_14_1_,
        subjects0_.score as score11_14_1_,
        subjects0_2_.false_count as false_co1_10_1_,
        subjects0_2_.result as result2_10_1_,
        subjects0_2_.true_count as true_cou3_10_1_,
        subjects0_3_.decimal_key as decimal_1_9_1_,
        subjects0_3_.key_type as key_type2_9_1_,
        subjects0_3_.match_type as match_ty3_9_1_,
        subjects0_3_.text_key as text_key4_9_1_,
        subjects0_3_.is_unique as is_uniqu5_9_1_,
        case
            when subjects0_1_.choice_id is not null then 1
            when subjects0_2_.judgment_id is not null then 2
            when subjects0_3_.fill_id is not null then 3
            when subjects0_.id is not null then 0
        end as clazz_1_
    from
        mclass_subject subjects0_
    left outer join
        mclass_choice subjects0_1_
            on subjects0_.id=subjects0_1_.choice_id
    left outer join
        mclass_judgment subjects0_2_
            on subjects0_.id=subjects0_2_.judgment_id
    left outer join
        mclass_fill subjects0_3_
            on subjects0_.id=subjects0_3_.fill_id
    where
        subjects0_.exercise_id=?
    order by
        subjects0_.id asc
Hibernate:
    select
        options0_.choice_id as choice_i8_13_0_,
        options0_.id as id1_13_0_,
        options0_.id as id1_13_1_,
        options0_.create_time as create_t2_13_1_,
        options0_.update_time as update_t3_13_1_,
        options0_.content as content4_13_1_,
        options0_.is_correct as is_corre5_13_1_,
        options0_.count as count6_13_1_,
        options0_.name as name7_13_1_
    from
        mclass_option options0_
    where
        options0_.choice_id=?
Hibernate:
    select
        options0_.choice_id as choice_i8_13_0_,
        options0_.id as id1_13_0_,
        options0_.id as id1_13_1_,
        options0_.create_time as create_t2_13_1_,
        options0_.update_time as update_t3_13_1_,
        options0_.content as content4_13_1_,
        options0_.is_correct as is_corre5_13_1_,
        options0_.count as count6_13_1_,
        options0_.name as name7_13_1_
    from
        mclass_option options0_
    where
        options0_.choice_id=?
Hibernate:
    insert
    into
        mclass_subject
        (id, create_time, update_time, content, error_count, error_percent, examination_id, exercise_id, right_count, right_percent, score)
    values
        (null, ?, ?, ?, ?, ?, ?, ?, ?, ?, ?)
Hibernate:
    insert
    into
        mclass_fill
        (decimal_key, key_type, match_type, text_key, is_unique, fill_id)
    values
        (?, ?, ?, ?, ?, ?)
Hibernate:
    insert
    into
        mclass_subject
        (id, create_time, update_time, content, error_count, error_percent, examination_id, exercise_id, right_count, right_percent, score)
    values
        (null, ?, ?, ?, ?, ?, ?, ?, ?, ?, ?)
Hibernate:
    insert
    into
        mclass_choice
        (choice_id)
    values
        (?)
Hibernate:
    insert
    into
        mclass_option
        (id, create_time, update_time, content, is_correct, count, name)
    values
        (null, ?, ?, ?, ?, ?, ?)
Hibernate:
    insert
    into
        mclass_option
        (id, create_time, update_time, content, is_correct, count, name)
    values
        (null, ?, ?, ?, ?, ?, ?)
Hibernate:
    insert
    into
        mclass_subject
        (id, create_time, update_time, content, error_count, error_percent, examination_id, exercise_id, right_count, right_percent, score)
    values
        (null, ?, ?, ?, ?, ?, ?, ?, ?, ?, ?)
Hibernate:
    insert
    into
        mclass_judgment
        (false_count, result, true_count, judgment_id)
    values
        (?, ?, ?, ?)
Hibernate:
    insert
    into
        mclass_subject
        (id, create_time, update_time, content, error_count, error_percent, examination_id, exercise_id, right_count, right_percent, score)
    values
        (null, ?, ?, ?, ?, ?, ?, ?, ?, ?, ?)
Hibernate:
    insert
    into
        mclass_judgment
        (false_count, result, true_count, judgment_id)
    values
        (?, ?, ?, ?)
Hibernate:
    insert
    into
        mclass_subject
        (id, create_time, update_time, content, error_count, error_percent, examination_id, exercise_id, right_count, right_percent, score)
    values
        (null, ?, ?, ?, ?, ?, ?, ?, ?, ?, ?)
Hibernate:
    insert
    into
        mclass_choice
        (choice_id)
    values
        (?)
Hibernate:
    insert
    into
        mclass_option
        (id, create_time, update_time, content, is_correct, count, name)
    values
        (null, ?, ?, ?, ?, ?, ?)
Hibernate:
    insert
    into
        mclass_option
        (id, create_time, update_time, content, is_correct, count, name)
    values
        (null, ?, ?, ?, ?, ?, ?)
Hibernate:
    insert
    into
        mclass_option
        (id, create_time, update_time, content, is_correct, count, name)
    values
        (null, ?, ?, ?, ?, ?, ?)
Hibernate:
    insert
    into
        mclass_option
        (id, create_time, update_time, content, is_correct, count, name)
    values
        (null, ?, ?, ?, ?, ?, ?)
Hibernate:
    update
        mclass_examination
    set
        update_time=?,
        lesson_id=?,
        name=?,
        status=?,
        submit_count=?
    where
        id=?
Hibernate:
    update
        mclass_option
    set
        choice_id=?
    where
        id=?
Hibernate:
    update
        mclass_option
    set
        choice_id=?
    where
        id=?
Hibernate:
    update
        mclass_option
    set
        choice_id=?
    where
        id=?
Hibernate:
    update
        mclass_option
    set
        choice_id=?
    where
        id=?
Hibernate:
    update
        mclass_option
    set
        choice_id=?
    where
        id=?
Hibernate:
    update
        mclass_option
    set
        choice_id=?
    where
        id=?
Hibernate:
    update
        mclass_subject
    set
        examination_id=?
    where
        id=?
Hibernate:
    update
        mclass_subject
    set
        examination_id=?
    where
        id=?
Hibernate:
    update
        mclass_subject
    set
        examination_id=?
    where
        id=?
Hibernate:
    update
        mclass_subject
    set
        examination_id=?
    where
        id=?
Hibernate:
    update
        mclass_subject
    set
        examination_id=?
    where
        id=?
Hibernate:
    select
        checkin0_.id as id1_2_0_,
        checkin0_.create_time as create_t2_2_0_,
        checkin0_.update_time as update_t3_2_0_,
        checkin0_.absence_count as absence_4_2_0_,
        checkin0_.checked_count as checked_5_2_0_,
        checkin0_.deadline as deadline6_2_0_,
        checkin0_.is_gps as is_gps7_2_0_,
        checkin0_.late_count as late_cou8_2_0_,
        checkin0_.latitude as latitude9_2_0_,
        checkin0_.lesson_id as lesson_10_2_0_,
        checkin0_.longitude as longitu11_2_0_,
        checkin0_.status as status12_2_0_
    from
        mclass_check_in checkin0_
    where
        checkin0_.id=?
06:17:00.528 INFO  edu.whut.cs.jee.mooc.common.config.DataSourceConfig - Current Datasource：slave1
Hibernate:
    select
        checkin0_.id as id1_2_0_,
        checkin0_.create_time as create_t2_2_0_,
        checkin0_.update_time as update_t3_2_0_,
        checkin0_.absence_count as absence_4_2_0_,
        checkin0_.checked_count as checked_5_2_0_,
        checkin0_.deadline as deadline6_2_0_,
        checkin0_.is_gps as is_gps7_2_0_,
        checkin0_.late_count as late_cou8_2_0_,
        checkin0_.latitude as latitude9_2_0_,
        checkin0_.lesson_id as lesson_10_2_0_,
        checkin0_.longitude as longitu11_2_0_,
        checkin0_.status as status12_2_0_
    from
        mclass_check_in checkin0_
    where
        checkin0_.id=?
06:17:00.552 INFO  edu.whut.cs.jee.mooc.common.config.DataSourceConfig - Current Datasource：master
Hibernate:
    select
        exercise0_.id as id1_8_,
        exercise0_.create_time as create_t2_8_,
        exercise0_.update_time as update_t3_8_,
        exercise0_.course_id as course_i4_8_,
        exercise0_.name as name5_8_
    from
        mclass_exercise exercise0_
    where
        exercise0_.course_id=?
06:17:00.585 INFO  edu.whut.cs.jee.mooc.common.config.DataSourceConfig - Current Datasource：master
Hibernate:
    insert
    into
        mclass_exercise
        (id, create_time, update_time, course_id, name)
    values
        (null, ?, ?, ?, ?)
06:17:00.608 INFO  edu.whut.cs.jee.mooc.common.config.DataSourceConfig - Current Datasource：master
Hibernate:
    select
        user0_.id as id2_16_,
        user0_.create_time as create_t3_16_,
        user0_.update_time as update_t4_16_,
        user0_.email as email5_16_,
        user0_.name as name6_16_,
        user0_.nickname as nickname7_16_,
        user0_.password as password8_16_,
        user0_.salary_no as salary_n9_16_,
        user0_.title as title10_16_,
        user0_.student_no as student11_16_,
        user0_.discriminator as discrimi1_16_
    from
        upms_user user0_
06:17:00.661 INFO  edu.whut.cs.jee.mooc.common.config.DataSourceConfig - Current Datasource：slave2
Hibernate:
    select
        roles0_.user_id as user_id1_17_0_,
        roles0_.role_id as role_id2_17_0_,
        role1_.id as id1_15_1_,
        role1_.create_time as create_t2_15_1_,
        role1_.update_time as update_t3_15_1_,
        role1_.name as name4_15_1_
    from
        upms_user_r_role roles0_
    inner join
        upms_role role1_
            on roles0_.role_id=role1_.id
    where
        roles0_.user_id=?
Hibernate:
    select
        roles0_.user_id as user_id1_17_0_,
        roles0_.role_id as role_id2_17_0_,
        role1_.id as id1_15_1_,
        role1_.create_time as create_t2_15_1_,
        role1_.update_time as update_t3_15_1_,
        role1_.name as name4_15_1_
    from
        upms_user_r_role roles0_
    inner join
        upms_role role1_
            on roles0_.role_id=role1_.id
    where
        roles0_.user_id=?
Hibernate:
    select
        roles0_.user_id as user_id1_17_0_,
        roles0_.role_id as role_id2_17_0_,
        role1_.id as id1_15_1_,
        role1_.create_time as create_t2_15_1_,
        role1_.update_time as update_t3_15_1_,
        role1_.name as name4_15_1_
    from
        upms_user_r_role roles0_
    inner join
        upms_role role1_
            on roles0_.role_id=role1_.id
    where
        roles0_.user_id=?
Hibernate:
    select
        user0_.id as id2_16_0_,
        user0_.create_time as create_t3_16_0_,
        user0_.update_time as update_t4_16_0_,
        user0_.email as email5_16_0_,
        user0_.name as name6_16_0_,
        user0_.nickname as nickname7_16_0_,
        user0_.password as password8_16_0_,
        user0_.salary_no as salary_n9_16_0_,
        user0_.title as title10_16_0_,
        user0_.student_no as student11_16_0_,
        user0_.discriminator as discrimi1_16_0_
    from
        upms_user user0_
    where
        user0_.id=?
06:17:00.686 INFO  edu.whut.cs.jee.mooc.common.config.DataSourceConfig - Current Datasource：slave1
Hibernate:
    select
        roles0_.user_id as user_id1_17_0_,
        roles0_.role_id as role_id2_17_0_,
        role1_.id as id1_15_1_,
        role1_.create_time as create_t2_15_1_,
        role1_.update_time as update_t3_15_1_,
        role1_.name as name4_15_1_
    from
        upms_user_r_role roles0_
    inner join
        upms_role role1_
            on roles0_.role_id=role1_.id
    where
        roles0_.user_id=?
Hibernate:
    select
        user0_.id as id2_16_,
        user0_.create_time as create_t3_16_,
        user0_.update_time as update_t4_16_,
        user0_.email as email5_16_,
        user0_.name as name6_16_,
        user0_.nickname as nickname7_16_,
        user0_.password as password8_16_,
        user0_.salary_no as salary_n9_16_,
        user0_.title as title10_16_,
        user0_.student_no as student11_16_,
        user0_.discriminator as discrimi1_16_
    from
        upms_user user0_
    where
        ?=1
    order by
        user0_.create_time desc limit ?
06:17:00.740 INFO  edu.whut.cs.jee.mooc.common.config.DataSourceConfig - Current Datasource：slave1
Hibernate:
    select
        roles0_.user_id as user_id1_17_0_,
        roles0_.role_id as role_id2_17_0_,
        role1_.id as id1_15_1_,
        role1_.create_time as create_t2_15_1_,
        role1_.update_time as update_t3_15_1_,
        role1_.name as name4_15_1_
    from
        upms_user_r_role roles0_
    inner join
        upms_role role1_
            on roles0_.role_id=role1_.id
    where
        roles0_.user_id=?
Hibernate:
    select
        roles0_.user_id as user_id1_17_0_,
        roles0_.role_id as role_id2_17_0_,
        role1_.id as id1_15_1_,
        role1_.create_time as create_t2_15_1_,
        role1_.update_time as update_t3_15_1_,
        role1_.name as name4_15_1_
    from
        upms_user_r_role roles0_
    inner join
        upms_role role1_
            on roles0_.role_id=role1_.id
    where
        roles0_.user_id=?
Hibernate:
    select
        roles0_.user_id as user_id1_17_0_,
        roles0_.role_id as role_id2_17_0_,
        role1_.id as id1_15_1_,
        role1_.create_time as create_t2_15_1_,
        role1_.update_time as update_t3_15_1_,
        role1_.name as name4_15_1_
    from
        upms_user_r_role roles0_
    inner join
        upms_role role1_
            on roles0_.role_id=role1_.id
    where
        roles0_.user_id=?
Hibernate:
    select
        count(*) as col_0_0_
    from
        upms_user user0_
    where
        user0_.id=?
06:17:00.854 INFO  edu.whut.cs.jee.mooc.common.config.DataSourceConfig - Current Datasource：master
